<?xml version="1.0" encoding="UTF-8"?>
<!-- Generated by org.testng.reporters.JUnitReportReporter -->
<testsuite hostname="fdkzv-m92p" name="com.bn.automation.scripts.SimpleTest" tests="1" failures="0" timestamp="7 Feb 2014 17:32:50 GMT" time="7.042" errors="0">
  <testcase name="test" time="7.042" classname="com.bn.automation.scripts.SimpleTest"/>
</testsuite> <!-- com.bn.automation.scripts.SimpleTest -->
