<?xml version="1.0" encoding="UTF-8"?>
<!-- Generated by org.testng.reporters.JUnitReportReporter -->
<testsuite hostname="fdkzv-m92p" name="com.bn.automation.scripts.Reflect" tests="1" failures="0" timestamp="12 Feb 2014 19:16:26 GMT" time="10.115" errors="0">
  <testcase name="test" time="10.115" classname="com.bn.automation.scripts.Reflect"/>
</testsuite> <!-- com.bn.automation.scripts.Reflect -->
