<?xml version="1.0" encoding="UTF-8"?>
<!-- Generated by org.testng.reporters.JUnitReportReporter -->
<testsuite hostname="fdkzv-m92p" name="com.bn.automation.scripts.Reflect" tests="1" failures="0" timestamp="11 Feb 2014 21:50:59 GMT" time="10.078" errors="0">
  <testcase name="test" time="10.078" classname="com.bn.automation.scripts.Reflect"/>
</testsuite> <!-- com.bn.automation.scripts.Reflect -->
